TN:
SF:src/calculator.ts
FN:4,(anonymous_8)
FN:55,(anonymous_9)
FN:5,(anonymous_10)
FN:9,(anonymous_11)
FN:13,(anonymous_12)
FN:17,(anonymous_13)
FN:25,(anonymous_14)
FN:29,(anonymous_15)
FN:35,(anonymous_16)
FN:40,(anonymous_17)
FN:41,(anonymous_18)
FN:42,(anonymous_19)
FN:47,(anonymous_20)
FN:51,(anonymous_22)
FNF:14
FNH:2
FNDA:1,(anonymous_8)
FNDA:1,(anonymous_9)
FNDA:0,(anonymous_10)
FNDA:0,(anonymous_11)
FNDA:0,(anonymous_12)
FNDA:0,(anonymous_13)
FNDA:0,(anonymous_14)
FNDA:0,(anonymous_15)
FNDA:0,(anonymous_16)
FNDA:0,(anonymous_17)
FNDA:0,(anonymous_18)
FNDA:0,(anonymous_19)
FNDA:0,(anonymous_20)
FNDA:0,(anonymous_22)
DA:2,1
DA:4,1
DA:6,0
DA:10,0
DA:14,0
DA:18,0
DA:19,0
DA:21,0
DA:26,0
DA:30,0
DA:31,0
DA:32,0
DA:36,0
DA:41,0
DA:42,0
DA:48,0
DA:52,0
DA:55,1
DA:56,1
LF:19
LH:4
BRDA:18,0,0,0
BRF:1
BRH:0
end_of_record
